<?xml version="1.0" encoding="UTF-8"?>
<!-- Generated by org.testng.reporters.JUnitReportReporter -->
<testsuite hostname="ZSCHN01LP0174" failures="0" tests="3" name="testScripts.PlaceOrderTest" time="2.219" errors="0" timestamp="2024-02-06T15:10:35 IST" skipped="0">
  <testcase classname="testScripts.PlaceOrderTest" name="addToCartTest" time="1.006"/>
  <system-out/>
  <testcase classname="testScripts.PlaceOrderTest" name="checkoutTest" time="0.185"/>
  <system-out/>
  <testcase classname="testScripts.PlaceOrderTest" name="checkoutFrom" time="1.028"/>
  <system-out/>
</testsuite> <!-- testScripts.PlaceOrderTest -->
